{"/Users/jogger/VpnPro/Xboard/xboard-frontend/packages/shared/src/utils/date.ts": {"path":"/Users/jogger/VpnPro/Xboard/xboard-frontend/packages/shared/src/utils/date.ts","statementMap":{"0":{"start":{"line":13,"column":0},"end":{"line":13,"column":null}},"1":{"start":{"line":14,"column":0},"end":{"line":14,"column":null}},"2":{"start":{"line":15,"column":0},"end":{"line":15,"column":null}},"3":{"start":{"line":16,"column":0},"end":{"line":16,"column":null}},"4":{"start":{"line":22,"column":2},"end":{"line":22,"column":null}},"5":{"start":{"line":29,"column":2},"end":{"line":29,"column":null}},"6":{"start":{"line":36,"column":2},"end":{"line":36,"column":null}},"7":{"start":{"line":43,"column":2},"end":{"line":43,"column":null}},"8":{"start":{"line":50,"column":2},"end":{"line":50,"column":null}},"9":{"start":{"line":57,"column":2},"end":{"line":57,"column":null}},"10":{"start":{"line":64,"column":2},"end":{"line":64,"column":null}},"11":{"start":{"line":71,"column":14},"end":{"line":71,"column":null}},"12":{"start":{"line":72,"column":15},"end":{"line":72,"column":null}},"13":{"start":{"line":73,"column":2},"end":{"line":73,"column":null}},"14":{"start":{"line":80,"column":15},"end":{"line":80,"column":null}},"15":{"start":{"line":81,"column":16},"end":{"line":81,"column":null}},"16":{"start":{"line":82,"column":18},"end":{"line":82,"column":null}},"17":{"start":{"line":84,"column":26},"end":{"line":84,"column":null}},"18":{"start":{"line":85,"column":2},"end":{"line":85,"column":null}},"19":{"start":{"line":85,"column":16},"end":{"line":85,"column":null}},"20":{"start":{"line":86,"column":2},"end":{"line":86,"column":null}},"21":{"start":{"line":86,"column":17},"end":{"line":86,"column":null}},"22":{"start":{"line":87,"column":2},"end":{"line":87,"column":null}},"23":{"start":{"line":87,"column":19},"end":{"line":87,"column":null}},"24":{"start":{"line":89,"column":2},"end":{"line":89,"column":null}},"25":{"start":{"line":96,"column":2},"end":{"line":98,"column":null}},"26":{"start":{"line":97,"column":4},"end":{"line":97,"column":null}},"27":{"start":{"line":99,"column":2},"end":{"line":99,"column":null}},"28":{"start":{"line":106,"column":2},"end":{"line":106,"column":null}},"29":{"start":{"line":113,"column":2},"end":{"line":113,"column":null}},"30":{"start":{"line":123,"column":8},"end":{"line":123,"column":null}},"31":{"start":{"line":125,"column":2},"end":{"line":151,"column":null}},"32":{"start":{"line":127,"column":6},"end":{"line":130,"column":null}},"33":{"start":{"line":132,"column":6},"end":{"line":135,"column":null}},"34":{"start":{"line":137,"column":6},"end":{"line":140,"column":null}},"35":{"start":{"line":142,"column":6},"end":{"line":145,"column":null}},"36":{"start":{"line":147,"column":6},"end":{"line":150,"column":null}}},"fnMap":{"0":{"name":"formatDate","decl":{"start":{"line":21,"column":16},"end":{"line":21,"column":27}},"loc":{"start":{"line":21,"column":97},"end":{"line":23,"column":null}},"line":21},"1":{"name":"formatDateShort","decl":{"start":{"line":28,"column":16},"end":{"line":28,"column":32}},"loc":{"start":{"line":28,"column":70},"end":{"line":30,"column":null}},"line":28},"2":{"name":"formatTime","decl":{"start":{"line":35,"column":16},"end":{"line":35,"column":27}},"loc":{"start":{"line":35,"column":65},"end":{"line":37,"column":null}},"line":35},"3":{"name":"formatRelativeTime","decl":{"start":{"line":42,"column":16},"end":{"line":42,"column":35}},"loc":{"start":{"line":42,"column":73},"end":{"line":44,"column":null}},"line":42},"4":{"name":"formatUnixTimestamp","decl":{"start":{"line":49,"column":16},"end":{"line":49,"column":36}},"loc":{"start":{"line":49,"column":95},"end":{"line":51,"column":null}},"line":49},"5":{"name":"getCurrentTimestamp","decl":{"start":{"line":56,"column":16},"end":{"line":56,"column":46}},"loc":{"start":{"line":56,"column":46},"end":{"line":58,"column":null}},"line":56},"6":{"name":"isExpired","decl":{"start":{"line":63,"column":16},"end":{"line":63,"column":26}},"loc":{"start":{"line":63,"column":54},"end":{"line":65,"column":null}},"line":63},"7":{"name":"getDaysUntilExpiration","decl":{"start":{"line":70,"column":16},"end":{"line":70,"column":39}},"loc":{"start":{"line":70,"column":66},"end":{"line":74,"column":null}},"line":70},"8":{"name":"formatDuration","decl":{"start":{"line":79,"column":16},"end":{"line":79,"column":31}},"loc":{"start":{"line":79,"column":56},"end":{"line":90,"column":null}},"line":79},"9":{"name":"parseDate","decl":{"start":{"line":95,"column":16},"end":{"line":95,"column":26}},"loc":{"start":{"line":95,"column":69},"end":{"line":100,"column":null}},"line":95},"10":{"name":"getStartOfDay","decl":{"start":{"line":105,"column":16},"end":{"line":105,"column":30}},"loc":{"start":{"line":105,"column":67},"end":{"line":107,"column":null}},"line":105},"11":{"name":"getEndOfDay","decl":{"start":{"line":112,"column":16},"end":{"line":112,"column":28}},"loc":{"start":{"line":112,"column":65},"end":{"line":114,"column":null}},"line":112},"12":{"name":"getDateRange","decl":{"start":{"line":119,"column":16},"end":{"line":119,"column":29}},"loc":{"start":{"line":122,"column":2},"end":{"line":152,"column":null}},"line":122}},"branchMap":{"0":{"loc":{"start":{"line":21,"column":57},"end":{"line":21,"column":97}},"type":"default-arg","locations":[{"start":{"line":21,"column":66},"end":{"line":21,"column":97}}],"line":21},"1":{"loc":{"start":{"line":49,"column":55},"end":{"line":49,"column":95}},"type":"default-arg","locations":[{"start":{"line":49,"column":64},"end":{"line":49,"column":95}}],"line":49},"2":{"loc":{"start":{"line":85,"column":2},"end":{"line":85,"column":null}},"type":"if","locations":[{"start":{"line":85,"column":2},"end":{"line":85,"column":null}},{"start":{},"end":{}}],"line":85},"3":{"loc":{"start":{"line":86,"column":2},"end":{"line":86,"column":null}},"type":"if","locations":[{"start":{"line":86,"column":2},"end":{"line":86,"column":null}},{"start":{},"end":{}}],"line":86},"4":{"loc":{"start":{"line":87,"column":2},"end":{"line":87,"column":null}},"type":"if","locations":[{"start":{"line":87,"column":2},"end":{"line":87,"column":null}},{"start":{},"end":{}}],"line":87},"5":{"loc":{"start":{"line":89,"column":9},"end":{"line":89,"column":null}},"type":"cond-expr","locations":[{"start":{"line":89,"column":28},"end":{"line":89,"column":46}},{"start":{"line":89,"column":46},"end":{"line":89,"column":null}}],"line":89},"6":{"loc":{"start":{"line":96,"column":2},"end":{"line":98,"column":null}},"type":"if","locations":[{"start":{"line":96,"column":2},"end":{"line":98,"column":null}},{"start":{},"end":{}}],"line":96},"7":{"loc":{"start":{"line":125,"column":2},"end":{"line":151,"column":null}},"type":"switch","locations":[{"start":{"line":126,"column":4},"end":{"line":130,"column":null}},{"start":{"line":131,"column":4},"end":{"line":135,"column":null}},{"start":{"line":136,"column":4},"end":{"line":140,"column":null}},{"start":{"line":141,"column":4},"end":{"line":145,"column":null}},{"start":{"line":146,"column":4},"end":{"line":150,"column":null}}],"line":125}},"s":{"0":1,"1":1,"2":1,"3":1,"4":5,"5":2,"6":3,"7":2,"8":4,"9":10,"10":4,"11":4,"12":4,"13":4,"14":8,"15":8,"16":8,"17":8,"18":8,"19":3,"20":8,"21":2,"22":8,"23":2,"24":8,"25":3,"26":1,"27":2,"28":2,"29":2,"30":5,"31":5,"32":1,"33":1,"34":1,"35":1,"36":1},"f":{"0":5,"1":2,"2":3,"3":2,"4":4,"5":10,"6":4,"7":4,"8":8,"9":3,"10":2,"11":2,"12":5},"b":{"0":[5],"1":[4],"2":[3,5],"3":[2,6],"4":[2,6],"5":[5,3],"6":[1,2],"7":[1,1,1,1,1]},"meta":{"lastBranch":8,"lastFunction":13,"lastStatement":37,"seen":{"s:13:0:13:Infinity":0,"s:14:0:14:Infinity":1,"s:15:0:15:Infinity":2,"s:16:0:16:Infinity":3,"f:21:16:21:27":0,"b:21:66:21:97":0,"s:22:2:22:Infinity":4,"f:28:16:28:32":1,"s:29:2:29:Infinity":5,"f:35:16:35:27":2,"s:36:2:36:Infinity":6,"f:42:16:42:35":3,"s:43:2:43:Infinity":7,"f:49:16:49:36":4,"b:49:64:49:95":1,"s:50:2:50:Infinity":8,"f:56:16:56:46":5,"s:57:2:57:Infinity":9,"f:63:16:63:26":6,"s:64:2:64:Infinity":10,"f:70:16:70:39":7,"s:71:14:71:Infinity":11,"s:72:15:72:Infinity":12,"s:73:2:73:Infinity":13,"f:79:16:79:31":8,"s:80:15:80:Infinity":14,"s:81:16:81:Infinity":15,"s:82:18:82:Infinity":16,"s:84:26:84:Infinity":17,"b:85:2:85:Infinity:undefined:undefined:undefined:undefined":2,"s:85:2:85:Infinity":18,"s:85:16:85:Infinity":19,"b:86:2:86:Infinity:undefined:undefined:undefined:undefined":3,"s:86:2:86:Infinity":20,"s:86:17:86:Infinity":21,"b:87:2:87:Infinity:undefined:undefined:undefined:undefined":4,"s:87:2:87:Infinity":22,"s:87:19:87:Infinity":23,"s:89:2:89:Infinity":24,"b:89:28:89:46:89:46:89:Infinity":5,"f:95:16:95:26":9,"b:96:2:98:Infinity:undefined:undefined:undefined:undefined":6,"s:96:2:98:Infinity":25,"s:97:4:97:Infinity":26,"s:99:2:99:Infinity":27,"f:105:16:105:30":10,"s:106:2:106:Infinity":28,"f:112:16:112:28":11,"s:113:2:113:Infinity":29,"f:119:16:119:29":12,"s:123:8:123:Infinity":30,"b:126:4:130:Infinity:131:4:135:Infinity:136:4:140:Infinity:141:4:145:Infinity:146:4:150:Infinity":7,"s:125:2:151:Infinity":31,"s:127:6:130:Infinity":32,"s:132:6:135:Infinity":33,"s:137:6:140:Infinity":34,"s:142:6:145:Infinity":35,"s:147:6:150:Infinity":36}}}
,"/Users/jogger/VpnPro/Xboard/xboard-frontend/packages/shared/src/utils/number.ts": {"path":"/Users/jogger/VpnPro/Xboard/xboard-frontend/packages/shared/src/utils/number.ts","statementMap":{"0":{"start":{"line":17,"column":2},"end":{"line":20,"column":null}},"1":{"start":{"line":29,"column":2},"end":{"line":29,"column":null}},"2":{"start":{"line":29,"column":19},"end":{"line":29,"column":null}},"3":{"start":{"line":31,"column":12},"end":{"line":31,"column":null}},"4":{"start":{"line":32,"column":13},"end":{"line":32,"column":null}},"5":{"start":{"line":33,"column":16},"end":{"line":33,"column":null}},"6":{"start":{"line":35,"column":12},"end":{"line":35,"column":null}},"7":{"start":{"line":37,"column":2},"end":{"line":37,"column":null}},"8":{"start":{"line":46,"column":2},"end":{"line":46,"column":null}},"9":{"start":{"line":60,"column":21},"end":{"line":60,"column":null}},"10":{"start":{"line":61,"column":2},"end":{"line":61,"column":null}},"11":{"start":{"line":70,"column":2},"end":{"line":73,"column":null}},"12":{"start":{"line":82,"column":2},"end":{"line":82,"column":null}},"13":{"start":{"line":92,"column":2},"end":{"line":92,"column":null}},"14":{"start":{"line":106,"column":2},"end":{"line":106,"column":null}},"15":{"start":{"line":106,"column":19},"end":{"line":106,"column":null}},"16":{"start":{"line":107,"column":2},"end":{"line":107,"column":null}},"17":{"start":{"line":115,"column":2},"end":{"line":115,"column":null}},"18":{"start":{"line":123,"column":2},"end":{"line":123,"column":null}},"19":{"start":{"line":132,"column":2},"end":{"line":132,"column":null}},"20":{"start":{"line":141,"column":2},"end":{"line":141,"column":null}},"21":{"start":{"line":149,"column":2},"end":{"line":149,"column":null}},"22":{"start":{"line":157,"column":2},"end":{"line":157,"column":null}}},"fnMap":{"0":{"name":"formatCurrency","decl":{"start":{"line":12,"column":16},"end":{"line":12,"column":null}},"loc":{"start":{"line":16,"column":10},"end":{"line":21,"column":null}},"line":16},"1":{"name":"formatBytes","decl":{"start":{"line":28,"column":16},"end":{"line":28,"column":28}},"loc":{"start":{"line":28,"column":65},"end":{"line":38,"column":null}},"line":28},"2":{"name":"formatNumber","decl":{"start":{"line":45,"column":16},"end":{"line":45,"column":29}},"loc":{"start":{"line":45,"column":68},"end":{"line":47,"column":null}},"line":45},"3":{"name":"formatPercentage","decl":{"start":{"line":55,"column":16},"end":{"line":55,"column":null}},"loc":{"start":{"line":59,"column":10},"end":{"line":62,"column":null}},"line":59},"4":{"name":"formatCompactNumber","decl":{"start":{"line":69,"column":16},"end":{"line":69,"column":36}},"loc":{"start":{"line":69,"column":75},"end":{"line":74,"column":null}},"line":69},"5":{"name":"roundNumber","decl":{"start":{"line":81,"column":16},"end":{"line":81,"column":28}},"loc":{"start":{"line":81,"column":63},"end":{"line":83,"column":null}},"line":81},"6":{"name":"clamp","decl":{"start":{"line":91,"column":16},"end":{"line":91,"column":22}},"loc":{"start":{"line":91,"column":69},"end":{"line":93,"column":null}},"line":91},"7":{"name":"calculatePercentage","decl":{"start":{"line":101,"column":16},"end":{"line":101,"column":null}},"loc":{"start":{"line":105,"column":10},"end":{"line":108,"column":null}},"line":105},"8":{"name":"parseFormattedNumber","decl":{"start":{"line":114,"column":16},"end":{"line":114,"column":37}},"loc":{"start":{"line":114,"column":58},"end":{"line":116,"column":null}},"line":114},"9":{"name":"formatSpeed","decl":{"start":{"line":122,"column":16},"end":{"line":122,"column":28}},"loc":{"start":{"line":122,"column":60},"end":{"line":124,"column":null}},"line":122},"10":{"name":"bytesToMB","decl":{"start":{"line":131,"column":16},"end":{"line":131,"column":26}},"loc":{"start":{"line":131,"column":63},"end":{"line":133,"column":null}},"line":131},"11":{"name":"bytesToGB","decl":{"start":{"line":140,"column":16},"end":{"line":140,"column":26}},"loc":{"start":{"line":140,"column":63},"end":{"line":142,"column":null}},"line":140},"12":{"name":"mbToBytes","decl":{"start":{"line":148,"column":16},"end":{"line":148,"column":26}},"loc":{"start":{"line":148,"column":46},"end":{"line":150,"column":null}},"line":148},"13":{"name":"gbToBytes","decl":{"start":{"line":156,"column":16},"end":{"line":156,"column":26}},"loc":{"start":{"line":156,"column":46},"end":{"line":158,"column":null}},"line":156}},"branchMap":{"0":{"loc":{"start":{"line":14,"column":2},"end":{"line":14,"column":null}},"type":"default-arg","locations":[{"start":{"line":14,"column":13},"end":{"line":14,"column":null}}],"line":14},"1":{"loc":{"start":{"line":15,"column":2},"end":{"line":15,"column":null}},"type":"default-arg","locations":[{"start":{"line":15,"column":11},"end":{"line":15,"column":null}}],"line":15},"2":{"loc":{"start":{"line":28,"column":43},"end":{"line":28,"column":65}},"type":"default-arg","locations":[{"start":{"line":28,"column":54},"end":{"line":28,"column":65}}],"line":28},"3":{"loc":{"start":{"line":29,"column":2},"end":{"line":29,"column":null}},"type":"if","locations":[{"start":{"line":29,"column":2},"end":{"line":29,"column":null}},{"start":{},"end":{}}],"line":29},"4":{"loc":{"start":{"line":32,"column":13},"end":{"line":32,"column":null}},"type":"cond-expr","locations":[{"start":{"line":32,"column":28},"end":{"line":32,"column":32}},{"start":{"line":32,"column":32},"end":{"line":32,"column":null}}],"line":32},"5":{"loc":{"start":{"line":45,"column":42},"end":{"line":45,"column":68}},"type":"default-arg","locations":[{"start":{"line":45,"column":51},"end":{"line":45,"column":68}}],"line":45},"6":{"loc":{"start":{"line":57,"column":2},"end":{"line":57,"column":null}},"type":"default-arg","locations":[{"start":{"line":57,"column":13},"end":{"line":57,"column":null}}],"line":57},"7":{"loc":{"start":{"line":58,"column":2},"end":{"line":58,"column":null}},"type":"default-arg","locations":[{"start":{"line":58,"column":14},"end":{"line":58,"column":null}}],"line":58},"8":{"loc":{"start":{"line":60,"column":21},"end":{"line":60,"column":null}},"type":"cond-expr","locations":[{"start":{"line":60,"column":33},"end":{"line":60,"column":47}},{"start":{"line":60,"column":47},"end":{"line":60,"column":null}}],"line":60},"9":{"loc":{"start":{"line":69,"column":49},"end":{"line":69,"column":75}},"type":"default-arg","locations":[{"start":{"line":69,"column":58},"end":{"line":69,"column":75}}],"line":69},"10":{"loc":{"start":{"line":81,"column":41},"end":{"line":81,"column":63}},"type":"default-arg","locations":[{"start":{"line":81,"column":52},"end":{"line":81,"column":63}}],"line":81},"11":{"loc":{"start":{"line":104,"column":2},"end":{"line":104,"column":null}},"type":"default-arg","locations":[{"start":{"line":104,"column":13},"end":{"line":104,"column":null}}],"line":104},"12":{"loc":{"start":{"line":106,"column":2},"end":{"line":106,"column":null}},"type":"if","locations":[{"start":{"line":106,"column":2},"end":{"line":106,"column":null}},{"start":{},"end":{}}],"line":106},"13":{"loc":{"start":{"line":131,"column":41},"end":{"line":131,"column":63}},"type":"default-arg","locations":[{"start":{"line":131,"column":52},"end":{"line":131,"column":63}}],"line":131},"14":{"loc":{"start":{"line":140,"column":41},"end":{"line":140,"column":63}},"type":"default-arg","locations":[{"start":{"line":140,"column":52},"end":{"line":140,"column":63}}],"line":140}},"s":{"0":6,"1":14,"2":2,"3":12,"4":12,"5":14,"6":14,"7":14,"8":5,"9":7,"10":7,"11":5,"12":22,"13":7,"14":6,"15":1,"16":5,"17":6,"18":4,"19":5,"20":5,"21":4,"22":4},"f":{"0":6,"1":14,"2":5,"3":7,"4":5,"5":22,"6":7,"7":6,"8":6,"9":4,"10":5,"11":5,"12":4,"13":4},"b":{"0":[6],"1":[6],"2":[14],"3":[2,12],"4":[1,11],"5":[5],"6":[7],"7":[7],"8":[6,1],"9":[5],"10":[22],"11":[6],"12":[1,5],"13":[5],"14":[5]},"meta":{"lastBranch":15,"lastFunction":14,"lastStatement":23,"seen":{"f:12:16:12:Infinity":0,"b:14:13:14:Infinity":0,"b:15:11:15:Infinity":1,"s:17:2:20:Infinity":0,"f:28:16:28:28":1,"b:28:54:28:65":2,"b:29:2:29:Infinity:undefined:undefined:undefined:undefined":3,"s:29:2:29:Infinity":1,"s:29:19:29:Infinity":2,"s:31:12:31:Infinity":3,"s:32:13:32:Infinity":4,"b:32:28:32:32:32:32:32:Infinity":4,"s:33:16:33:Infinity":5,"s:35:12:35:Infinity":6,"s:37:2:37:Infinity":7,"f:45:16:45:29":2,"b:45:51:45:68":5,"s:46:2:46:Infinity":8,"f:55:16:55:Infinity":3,"b:57:13:57:Infinity":6,"b:58:14:58:Infinity":7,"s:60:21:60:Infinity":9,"b:60:33:60:47:60:47:60:Infinity":8,"s:61:2:61:Infinity":10,"f:69:16:69:36":4,"b:69:58:69:75":9,"s:70:2:73:Infinity":11,"f:81:16:81:28":5,"b:81:52:81:63":10,"s:82:2:82:Infinity":12,"f:91:16:91:22":6,"s:92:2:92:Infinity":13,"f:101:16:101:Infinity":7,"b:104:13:104:Infinity":11,"b:106:2:106:Infinity:undefined:undefined:undefined:undefined":12,"s:106:2:106:Infinity":14,"s:106:19:106:Infinity":15,"s:107:2:107:Infinity":16,"f:114:16:114:37":8,"s:115:2:115:Infinity":17,"f:122:16:122:28":9,"s:123:2:123:Infinity":18,"f:131:16:131:26":10,"b:131:52:131:63":13,"s:132:2:132:Infinity":19,"f:140:16:140:26":11,"b:140:52:140:63":14,"s:141:2:141:Infinity":20,"f:148:16:148:26":12,"s:149:2:149:Infinity":21,"f:156:16:156:26":13,"s:157:2:157:Infinity":22}}}
,"/Users/jogger/VpnPro/Xboard/xboard-frontend/packages/shared/src/utils/string.ts": {"path":"/Users/jogger/VpnPro/Xboard/xboard-frontend/packages/shared/src/utils/string.ts","statementMap":{"0":{"start":{"line":13,"column":2},"end":{"line":13,"column":null}},"1":{"start":{"line":13,"column":28},"end":{"line":13,"column":null}},"2":{"start":{"line":14,"column":2},"end":{"line":14,"column":null}},"3":{"start":{"line":22,"column":2},"end":{"line":22,"column":null}},"4":{"start":{"line":22,"column":12},"end":{"line":22,"column":null}},"5":{"start":{"line":23,"column":2},"end":{"line":23,"column":null}},"6":{"start":{"line":31,"column":2},"end":{"line":31,"column":null}},"7":{"start":{"line":31,"column":40},"end":{"line":31,"column":58}},"8":{"start":{"line":39,"column":2},"end":{"line":42,"column":null}},"9":{"start":{"line":50,"column":2},"end":{"line":52,"column":null}},"10":{"start":{"line":51,"column":43},"end":{"line":51,"column":74}},"11":{"start":{"line":52,"column":33},"end":{"line":52,"column":51}},"12":{"start":{"line":60,"column":20},"end":{"line":60,"column":null}},"13":{"start":{"line":61,"column":2},"end":{"line":61,"column":null}},"14":{"start":{"line":69,"column":2},"end":{"line":72,"column":null}},"15":{"start":{"line":80,"column":2},"end":{"line":80,"column":null}},"16":{"start":{"line":88,"column":46},"end":{"line":94,"column":null}},"17":{"start":{"line":95,"column":2},"end":{"line":95,"column":null}},"18":{"start":{"line":95,"column":43},"end":{"line":95,"column":60}},"19":{"start":{"line":107,"column":15},"end":{"line":107,"column":null}},"20":{"start":{"line":108,"column":2},"end":{"line":110,"column":null}},"21":{"start":{"line":108,"column":15},"end":{"line":108,"column":18}},"22":{"start":{"line":109,"column":4},"end":{"line":109,"column":null}},"23":{"start":{"line":111,"column":2},"end":{"line":111,"column":null}},"24":{"start":{"line":119,"column":2},"end":{"line":119,"column":null}},"25":{"start":{"line":129,"column":2},"end":{"line":129,"column":null}},"26":{"start":{"line":129,"column":19},"end":{"line":129,"column":null}},"27":{"start":{"line":130,"column":2},"end":{"line":130,"column":null}},"28":{"start":{"line":146,"column":2},"end":{"line":146,"column":null}},"29":{"start":{"line":146,"column":47},"end":{"line":146,"column":null}},"30":{"start":{"line":148,"column":16},"end":{"line":148,"column":null}},"31":{"start":{"line":149,"column":14},"end":{"line":149,"column":null}},"32":{"start":{"line":150,"column":21},"end":{"line":150,"column":null}},"33":{"start":{"line":152,"column":2},"end":{"line":152,"column":null}},"34":{"start":{"line":160,"column":16},"end":{"line":160,"column":null}},"35":{"start":{"line":161,"column":2},"end":{"line":161,"column":null}},"36":{"start":{"line":169,"column":26},"end":{"line":169,"column":null}},"37":{"start":{"line":170,"column":2},"end":{"line":170,"column":null}},"38":{"start":{"line":170,"column":15},"end":{"line":170,"column":null}},"39":{"start":{"line":172,"column":22},"end":{"line":172,"column":null}},"40":{"start":{"line":173,"column":2},"end":{"line":173,"column":null}},"41":{"start":{"line":181,"column":2},"end":{"line":186,"column":null}},"42":{"start":{"line":196,"column":2},"end":{"line":196,"column":null}},"43":{"start":{"line":196,"column":13},"end":{"line":196,"column":null}},"44":{"start":{"line":198,"column":16},"end":{"line":198,"column":null}},"45":{"start":{"line":199,"column":2},"end":{"line":199,"column":null}}},"fnMap":{"0":{"name":"truncate","decl":{"start":{"line":12,"column":16},"end":{"line":12,"column":25}},"loc":{"start":{"line":12,"column":78},"end":{"line":15,"column":null}},"line":12},"1":{"name":"capitalize","decl":{"start":{"line":21,"column":16},"end":{"line":21,"column":27}},"loc":{"start":{"line":21,"column":48},"end":{"line":24,"column":null}},"line":21},"2":{"name":"capitalizeWords","decl":{"start":{"line":30,"column":16},"end":{"line":30,"column":32}},"loc":{"start":{"line":30,"column":53},"end":{"line":32,"column":null}},"line":30},"3":{"name":"(anonymous_3)","decl":{"start":{"line":31,"column":30},"end":{"line":31,"column":31}},"loc":{"start":{"line":31,"column":40},"end":{"line":31,"column":58}},"line":31},"4":{"name":"toKebabCase","decl":{"start":{"line":38,"column":16},"end":{"line":38,"column":28}},"loc":{"start":{"line":38,"column":49},"end":{"line":43,"column":null}},"line":38},"5":{"name":"toCamelCase","decl":{"start":{"line":49,"column":16},"end":{"line":49,"column":28}},"loc":{"start":{"line":49,"column":49},"end":{"line":53,"column":null}},"line":49},"6":{"name":"(anonymous_6)","decl":{"start":{"line":51,"column":29},"end":{"line":51,"column":30}},"loc":{"start":{"line":51,"column":43},"end":{"line":51,"column":74}},"line":51},"7":{"name":"(anonymous_7)","decl":{"start":{"line":52,"column":23},"end":{"line":52,"column":24}},"loc":{"start":{"line":52,"column":33},"end":{"line":52,"column":51}},"line":52},"8":{"name":"toPascalCase","decl":{"start":{"line":59,"column":16},"end":{"line":59,"column":29}},"loc":{"start":{"line":59,"column":50},"end":{"line":62,"column":null}},"line":59},"9":{"name":"toSnakeCase","decl":{"start":{"line":68,"column":16},"end":{"line":68,"column":28}},"loc":{"start":{"line":68,"column":49},"end":{"line":73,"column":null}},"line":68},"10":{"name":"stripHtml","decl":{"start":{"line":79,"column":16},"end":{"line":79,"column":26}},"loc":{"start":{"line":79,"column":47},"end":{"line":81,"column":null}},"line":79},"11":{"name":"escapeHtml","decl":{"start":{"line":87,"column":16},"end":{"line":87,"column":27}},"loc":{"start":{"line":87,"column":48},"end":{"line":96,"column":null}},"line":87},"12":{"name":"(anonymous_12)","decl":{"start":{"line":95,"column":33},"end":{"line":95,"column":34}},"loc":{"start":{"line":95,"column":43},"end":{"line":95,"column":60}},"line":95},"13":{"name":"randomString","decl":{"start":{"line":103,"column":16},"end":{"line":103,"column":null}},"loc":{"start":{"line":106,"column":10},"end":{"line":112,"column":null}},"line":106},"14":{"name":"isEmpty","decl":{"start":{"line":118,"column":16},"end":{"line":118,"column":24}},"loc":{"start":{"line":118,"column":65},"end":{"line":120,"column":null}},"line":118},"15":{"name":"pluralize","decl":{"start":{"line":128,"column":16},"end":{"line":128,"column":26}},"loc":{"start":{"line":128,"column":84},"end":{"line":131,"column":null}},"line":128},"16":{"name":"maskString","decl":{"start":{"line":140,"column":16},"end":{"line":140,"column":null}},"loc":{"start":{"line":145,"column":10},"end":{"line":153,"column":null}},"line":145},"17":{"name":"extractEmailDomain","decl":{"start":{"line":159,"column":16},"end":{"line":159,"column":35}},"loc":{"start":{"line":159,"column":58},"end":{"line":162,"column":null}},"line":159},"18":{"name":"formatEmail","decl":{"start":{"line":168,"column":16},"end":{"line":168,"column":28}},"loc":{"start":{"line":168,"column":51},"end":{"line":174,"column":null}},"line":168},"19":{"name":"slugify","decl":{"start":{"line":180,"column":16},"end":{"line":180,"column":24}},"loc":{"start":{"line":180,"column":45},"end":{"line":187,"column":null}},"line":180},"20":{"name":"highlightText","decl":{"start":{"line":195,"column":16},"end":{"line":195,"column":30}},"loc":{"start":{"line":195,"column":91},"end":{"line":200,"column":null}},"line":195}},"branchMap":{"0":{"loc":{"start":{"line":12,"column":54},"end":{"line":12,"column":78}},"type":"default-arg","locations":[{"start":{"line":12,"column":63},"end":{"line":12,"column":78}}],"line":12},"1":{"loc":{"start":{"line":13,"column":2},"end":{"line":13,"column":null}},"type":"if","locations":[{"start":{"line":13,"column":2},"end":{"line":13,"column":null}},{"start":{},"end":{}}],"line":13},"2":{"loc":{"start":{"line":22,"column":2},"end":{"line":22,"column":null}},"type":"if","locations":[{"start":{"line":22,"column":2},"end":{"line":22,"column":null}},{"start":{},"end":{}}],"line":22},"3":{"loc":{"start":{"line":51,"column":43},"end":{"line":51,"column":74}},"type":"cond-expr","locations":[{"start":{"line":51,"column":50},"end":{"line":51,"column":71}},{"start":{"line":51,"column":71},"end":{"line":51,"column":74}}],"line":51},"4":{"loc":{"start":{"line":105,"column":2},"end":{"line":105,"column":null}},"type":"default-arg","locations":[{"start":{"line":105,"column":12},"end":{"line":105,"column":null}}],"line":105},"5":{"loc":{"start":{"line":119,"column":9},"end":{"line":119,"column":null}},"type":"binary-expr","locations":[{"start":{"line":119,"column":9},"end":{"line":119,"column":17}},{"start":{"line":119,"column":17},"end":{"line":119,"column":null}}],"line":119},"6":{"loc":{"start":{"line":129,"column":2},"end":{"line":129,"column":null}},"type":"if","locations":[{"start":{"line":129,"column":2},"end":{"line":129,"column":null}},{"start":{},"end":{}}],"line":129},"7":{"loc":{"start":{"line":130,"column":9},"end":{"line":130,"column":null}},"type":"binary-expr","locations":[{"start":{"line":130,"column":9},"end":{"line":130,"column":19}},{"start":{"line":130,"column":19},"end":{"line":130,"column":null}}],"line":130},"8":{"loc":{"start":{"line":142,"column":2},"end":{"line":142,"column":null}},"type":"default-arg","locations":[{"start":{"line":142,"column":17},"end":{"line":142,"column":null}}],"line":142},"9":{"loc":{"start":{"line":143,"column":2},"end":{"line":143,"column":null}},"type":"default-arg","locations":[{"start":{"line":143,"column":15},"end":{"line":143,"column":null}}],"line":143},"10":{"loc":{"start":{"line":144,"column":2},"end":{"line":144,"column":null}},"type":"default-arg","locations":[{"start":{"line":144,"column":13},"end":{"line":144,"column":null}}],"line":144},"11":{"loc":{"start":{"line":146,"column":2},"end":{"line":146,"column":null}},"type":"if","locations":[{"start":{"line":146,"column":2},"end":{"line":146,"column":null}},{"start":{},"end":{}}],"line":146},"12":{"loc":{"start":{"line":161,"column":9},"end":{"line":161,"column":null}},"type":"cond-expr","locations":[{"start":{"line":161,"column":30},"end":{"line":161,"column":41}},{"start":{"line":161,"column":41},"end":{"line":161,"column":null}}],"line":161},"13":{"loc":{"start":{"line":170,"column":2},"end":{"line":170,"column":null}},"type":"if","locations":[{"start":{"line":170,"column":2},"end":{"line":170,"column":null}},{"start":{},"end":{}}],"line":170},"14":{"loc":{"start":{"line":195,"column":58},"end":{"line":195,"column":91}},"type":"default-arg","locations":[{"start":{"line":195,"column":70},"end":{"line":195,"column":91}}],"line":195},"15":{"loc":{"start":{"line":196,"column":2},"end":{"line":196,"column":null}},"type":"if","locations":[{"start":{"line":196,"column":2},"end":{"line":196,"column":null}},{"start":{},"end":{}}],"line":196}},"s":{"0":6,"1":3,"2":3,"3":5,"4":1,"5":4,"6":5,"7":7,"8":6,"9":11,"10":5,"11":2,"12":5,"13":5,"14":5,"15":6,"16":7,"17":7,"18":12,"19":6,"20":6,"21":6,"22":160,"23":6,"24":6,"25":5,"26":1,"27":4,"28":7,"29":2,"30":5,"31":5,"32":5,"33":5,"34":4,"35":4,"36":3,"37":3,"38":1,"39":2,"40":2,"41":7,"42":6,"43":1,"44":5,"45":5},"f":{"0":6,"1":5,"2":5,"3":7,"4":6,"5":11,"6":5,"7":2,"8":5,"9":5,"10":6,"11":7,"12":12,"13":6,"14":6,"15":5,"16":7,"17":4,"18":3,"19":7,"20":6},"b":{"0":[6],"1":[3,3],"2":[1,4],"3":[5,0],"4":[6],"5":[6,3],"6":[1,4],"7":[4,2],"8":[7],"9":[7],"10":[7],"11":[2,5],"12":[2,2],"13":[1,2],"14":[6],"15":[1,5]},"meta":{"lastBranch":16,"lastFunction":21,"lastStatement":46,"seen":{"f:12:16:12:25":0,"b:12:63:12:78":0,"b:13:2:13:Infinity:undefined:undefined:undefined:undefined":1,"s:13:2:13:Infinity":0,"s:13:28:13:Infinity":1,"s:14:2:14:Infinity":2,"f:21:16:21:27":1,"b:22:2:22:Infinity:undefined:undefined:undefined:undefined":2,"s:22:2:22:Infinity":3,"s:22:12:22:Infinity":4,"s:23:2:23:Infinity":5,"f:30:16:30:32":2,"s:31:2:31:Infinity":6,"f:31:30:31:31":3,"s:31:40:31:58":7,"f:38:16:38:28":4,"s:39:2:42:Infinity":8,"f:49:16:49:28":5,"s:50:2:52:Infinity":9,"f:51:29:51:30":6,"s:51:43:51:74":10,"b:51:50:51:71:51:71:51:74":3,"f:52:23:52:24":7,"s:52:33:52:51":11,"f:59:16:59:29":8,"s:60:20:60:Infinity":12,"s:61:2:61:Infinity":13,"f:68:16:68:28":9,"s:69:2:72:Infinity":14,"f:79:16:79:26":10,"s:80:2:80:Infinity":15,"f:87:16:87:27":11,"s:88:46:94:Infinity":16,"s:95:2:95:Infinity":17,"f:95:33:95:34":12,"s:95:43:95:60":18,"f:103:16:103:Infinity":13,"b:105:12:105:Infinity":4,"s:107:15:107:Infinity":19,"s:108:2:110:Infinity":20,"s:108:15:108:18":21,"s:109:4:109:Infinity":22,"s:111:2:111:Infinity":23,"f:118:16:118:24":14,"s:119:2:119:Infinity":24,"b:119:9:119:17:119:17:119:Infinity":5,"f:128:16:128:26":15,"b:129:2:129:Infinity:undefined:undefined:undefined:undefined":6,"s:129:2:129:Infinity":25,"s:129:19:129:Infinity":26,"s:130:2:130:Infinity":27,"b:130:9:130:19:130:19:130:Infinity":7,"f:140:16:140:Infinity":16,"b:142:17:142:Infinity":8,"b:143:15:143:Infinity":9,"b:144:13:144:Infinity":10,"b:146:2:146:Infinity:undefined:undefined:undefined:undefined":11,"s:146:2:146:Infinity":28,"s:146:47:146:Infinity":29,"s:148:16:148:Infinity":30,"s:149:14:149:Infinity":31,"s:150:21:150:Infinity":32,"s:152:2:152:Infinity":33,"f:159:16:159:35":17,"s:160:16:160:Infinity":34,"s:161:2:161:Infinity":35,"b:161:30:161:41:161:41:161:Infinity":12,"f:168:16:168:28":18,"s:169:26:169:Infinity":36,"b:170:2:170:Infinity:undefined:undefined:undefined:undefined":13,"s:170:2:170:Infinity":37,"s:170:15:170:Infinity":38,"s:172:22:172:Infinity":39,"s:173:2:173:Infinity":40,"f:180:16:180:24":19,"s:181:2:186:Infinity":41,"f:195:16:195:30":20,"b:195:70:195:91":14,"b:196:2:196:Infinity:undefined:undefined:undefined:undefined":15,"s:196:2:196:Infinity":42,"s:196:13:196:Infinity":43,"s:198:16:198:Infinity":44,"s:199:2:199:Infinity":45}}}
,"/Users/jogger/VpnPro/Xboard/xboard-frontend/packages/shared/src/utils/validation.ts": {"path":"/Users/jogger/VpnPro/Xboard/xboard-frontend/packages/shared/src/utils/validation.ts","statementMap":{"0":{"start":{"line":11,"column":21},"end":{"line":11,"column":null}},"1":{"start":{"line":12,"column":2},"end":{"line":12,"column":null}},"2":{"start":{"line":20,"column":2},"end":{"line":25,"column":null}},"3":{"start":{"line":21,"column":4},"end":{"line":21,"column":null}},"4":{"start":{"line":22,"column":4},"end":{"line":22,"column":null}},"5":{"start":{"line":24,"column":4},"end":{"line":24,"column":null}},"6":{"start":{"line":34,"column":2},"end":{"line":34,"column":null}},"7":{"start":{"line":45,"column":27},"end":{"line":45,"column":null}},"8":{"start":{"line":47,"column":2},"end":{"line":49,"column":null}},"9":{"start":{"line":48,"column":4},"end":{"line":48,"column":null}},"10":{"start":{"line":51,"column":2},"end":{"line":53,"column":null}},"11":{"start":{"line":52,"column":4},"end":{"line":52,"column":null}},"12":{"start":{"line":55,"column":2},"end":{"line":57,"column":null}},"13":{"start":{"line":56,"column":4},"end":{"line":56,"column":null}},"14":{"start":{"line":59,"column":2},"end":{"line":61,"column":null}},"15":{"start":{"line":60,"column":4},"end":{"line":60,"column":null}},"16":{"start":{"line":63,"column":2},"end":{"line":65,"column":null}},"17":{"start":{"line":64,"column":4},"end":{"line":64,"column":null}},"18":{"start":{"line":67,"column":2},"end":{"line":70,"column":null}},"19":{"start":{"line":78,"column":21},"end":{"line":78,"column":null}},"20":{"start":{"line":79,"column":2},"end":{"line":79,"column":null}},"21":{"start":{"line":87,"column":18},"end":{"line":87,"column":null}},"22":{"start":{"line":88,"column":2},"end":{"line":88,"column":null}},"23":{"start":{"line":96,"column":18},"end":{"line":96,"column":null}},"24":{"start":{"line":97,"column":2},"end":{"line":97,"column":null}},"25":{"start":{"line":105,"column":22},"end":{"line":105,"column":null}},"26":{"start":{"line":106,"column":2},"end":{"line":106,"column":null}},"27":{"start":{"line":114,"column":2},"end":{"line":114,"column":null}},"28":{"start":{"line":122,"column":2},"end":{"line":122,"column":null}},"29":{"start":{"line":130,"column":2},"end":{"line":130,"column":null}},"30":{"start":{"line":140,"column":2},"end":{"line":140,"column":null}},"31":{"start":{"line":148,"column":2},"end":{"line":148,"column":null}},"32":{"start":{"line":148,"column":45},"end":{"line":148,"column":null}},"33":{"start":{"line":149,"column":2},"end":{"line":149,"column":null}},"34":{"start":{"line":149,"column":33},"end":{"line":149,"column":null}},"35":{"start":{"line":150,"column":2},"end":{"line":150,"column":null}},"36":{"start":{"line":150,"column":28},"end":{"line":150,"column":null}},"37":{"start":{"line":151,"column":2},"end":{"line":151,"column":null}},"38":{"start":{"line":160,"column":2},"end":{"line":160,"column":null}},"39":{"start":{"line":169,"column":2},"end":{"line":169,"column":null}},"40":{"start":{"line":177,"column":18},"end":{"line":177,"column":null}},"41":{"start":{"line":179,"column":2},"end":{"line":181,"column":null}},"42":{"start":{"line":180,"column":4},"end":{"line":180,"column":null}},"43":{"start":{"line":183,"column":12},"end":{"line":183,"column":null}},"44":{"start":{"line":184,"column":15},"end":{"line":184,"column":null}},"45":{"start":{"line":186,"column":2},"end":{"line":198,"column":null}},"46":{"start":{"line":186,"column":15},"end":{"line":186,"column":35}},"47":{"start":{"line":187,"column":16},"end":{"line":187,"column":null}},"48":{"start":{"line":189,"column":4},"end":{"line":194,"column":null}},"49":{"start":{"line":190,"column":6},"end":{"line":190,"column":null}},"50":{"start":{"line":191,"column":6},"end":{"line":193,"column":null}},"51":{"start":{"line":192,"column":8},"end":{"line":192,"column":null}},"52":{"start":{"line":196,"column":4},"end":{"line":196,"column":null}},"53":{"start":{"line":197,"column":4},"end":{"line":197,"column":null}},"54":{"start":{"line":200,"column":2},"end":{"line":200,"column":null}},"55":{"start":{"line":208,"column":20},"end":{"line":208,"column":null}},"56":{"start":{"line":209,"column":2},"end":{"line":209,"column":null}},"57":{"start":{"line":209,"column":29},"end":{"line":209,"column":null}},"58":{"start":{"line":211,"column":29},"end":{"line":211,"column":null}},"59":{"start":{"line":212,"column":18},"end":{"line":212,"column":null}},"60":{"start":{"line":214,"column":2},"end":{"line":217,"column":null}},"61":{"start":{"line":226,"column":2},"end":{"line":231,"column":null}},"62":{"start":{"line":227,"column":4},"end":{"line":227,"column":null}},"63":{"start":{"line":228,"column":4},"end":{"line":228,"column":null}},"64":{"start":{"line":230,"column":4},"end":{"line":230,"column":null}}},"fnMap":{"0":{"name":"isValidEmail","decl":{"start":{"line":10,"column":16},"end":{"line":10,"column":29}},"loc":{"start":{"line":10,"column":53},"end":{"line":13,"column":null}},"line":10},"1":{"name":"isValidUrl","decl":{"start":{"line":19,"column":16},"end":{"line":19,"column":27}},"loc":{"start":{"line":19,"column":49},"end":{"line":26,"column":null}},"line":19},"2":{"name":"isValidPassword","decl":{"start":{"line":33,"column":16},"end":{"line":33,"column":32}},"loc":{"start":{"line":33,"column":74},"end":{"line":35,"column":null}},"line":33},"3":{"name":"isStrongPassword","decl":{"start":{"line":41,"column":16},"end":{"line":41,"column":33}},"loc":{"start":{"line":44,"column":2},"end":{"line":71,"column":null}},"line":44},"4":{"name":"isValidPhone","decl":{"start":{"line":77,"column":16},"end":{"line":77,"column":29}},"loc":{"start":{"line":77,"column":53},"end":{"line":80,"column":null}},"line":77},"5":{"name":"isValidIPv4","decl":{"start":{"line":86,"column":16},"end":{"line":86,"column":28}},"loc":{"start":{"line":86,"column":49},"end":{"line":89,"column":null}},"line":86},"6":{"name":"isValidPort","decl":{"start":{"line":95,"column":16},"end":{"line":95,"column":28}},"loc":{"start":{"line":95,"column":60},"end":{"line":98,"column":null}},"line":95},"7":{"name":"isValidDomain","decl":{"start":{"line":104,"column":16},"end":{"line":104,"column":30}},"loc":{"start":{"line":104,"column":55},"end":{"line":107,"column":null}},"line":104},"8":{"name":"isNumeric","decl":{"start":{"line":113,"column":16},"end":{"line":113,"column":26}},"loc":{"start":{"line":113,"column":47},"end":{"line":115,"column":null}},"line":113},"9":{"name":"isInteger","decl":{"start":{"line":121,"column":16},"end":{"line":121,"column":26}},"loc":{"start":{"line":121,"column":47},"end":{"line":123,"column":null}},"line":121},"10":{"name":"isPositive","decl":{"start":{"line":129,"column":16},"end":{"line":129,"column":27}},"loc":{"start":{"line":129,"column":51},"end":{"line":131,"column":null}},"line":129},"11":{"name":"isInRange","decl":{"start":{"line":139,"column":16},"end":{"line":139,"column":26}},"loc":{"start":{"line":139,"column":76},"end":{"line":141,"column":null}},"line":139},"12":{"name":"isRequired","decl":{"start":{"line":147,"column":16},"end":{"line":147,"column":27}},"loc":{"start":{"line":147,"column":48},"end":{"line":152,"column":null}},"line":147},"13":{"name":"hasMinLength","decl":{"start":{"line":159,"column":16},"end":{"line":159,"column":29}},"loc":{"start":{"line":159,"column":80},"end":{"line":161,"column":null}},"line":159},"14":{"name":"hasMaxLength","decl":{"start":{"line":168,"column":16},"end":{"line":168,"column":29}},"loc":{"start":{"line":168,"column":80},"end":{"line":170,"column":null}},"line":168},"15":{"name":"isValidCreditCard","decl":{"start":{"line":176,"column":16},"end":{"line":176,"column":34}},"loc":{"start":{"line":176,"column":63},"end":{"line":201,"column":null}},"line":176},"16":{"name":"isValidDateFormat","decl":{"start":{"line":207,"column":16},"end":{"line":207,"column":34}},"loc":{"start":{"line":207,"column":57},"end":{"line":219,"column":null}},"line":207},"17":{"name":"isValidJSON","decl":{"start":{"line":225,"column":16},"end":{"line":225,"column":28}},"loc":{"start":{"line":225,"column":50},"end":{"line":232,"column":null}},"line":225}},"branchMap":{"0":{"loc":{"start":{"line":33,"column":50},"end":{"line":33,"column":74}},"type":"default-arg","locations":[{"start":{"line":33,"column":62},"end":{"line":33,"column":74}}],"line":33},"1":{"loc":{"start":{"line":47,"column":2},"end":{"line":49,"column":null}},"type":"if","locations":[{"start":{"line":47,"column":2},"end":{"line":49,"column":null}},{"start":{},"end":{}}],"line":47},"2":{"loc":{"start":{"line":51,"column":2},"end":{"line":53,"column":null}},"type":"if","locations":[{"start":{"line":51,"column":2},"end":{"line":53,"column":null}},{"start":{},"end":{}}],"line":51},"3":{"loc":{"start":{"line":55,"column":2},"end":{"line":57,"column":null}},"type":"if","locations":[{"start":{"line":55,"column":2},"end":{"line":57,"column":null}},{"start":{},"end":{}}],"line":55},"4":{"loc":{"start":{"line":59,"column":2},"end":{"line":61,"column":null}},"type":"if","locations":[{"start":{"line":59,"column":2},"end":{"line":61,"column":null}},{"start":{},"end":{}}],"line":59},"5":{"loc":{"start":{"line":63,"column":2},"end":{"line":65,"column":null}},"type":"if","locations":[{"start":{"line":63,"column":2},"end":{"line":65,"column":null}},{"start":{},"end":{}}],"line":63},"6":{"loc":{"start":{"line":96,"column":18},"end":{"line":96,"column":null}},"type":"cond-expr","locations":[{"start":{"line":96,"column":45},"end":{"line":96,"column":66}},{"start":{"line":96,"column":66},"end":{"line":96,"column":null}}],"line":96},"7":{"loc":{"start":{"line":97,"column":9},"end":{"line":97,"column":null}},"type":"binary-expr","locations":[{"start":{"line":97,"column":9},"end":{"line":97,"column":28}},{"start":{"line":97,"column":28},"end":{"line":97,"column":44}},{"start":{"line":97,"column":44},"end":{"line":97,"column":null}}],"line":97},"8":{"loc":{"start":{"line":114,"column":9},"end":{"line":114,"column":null}},"type":"binary-expr","locations":[{"start":{"line":114,"column":9},"end":{"line":114,"column":38}},{"start":{"line":114,"column":38},"end":{"line":114,"column":null}}],"line":114},"9":{"loc":{"start":{"line":130,"column":9},"end":{"line":130,"column":null}},"type":"binary-expr","locations":[{"start":{"line":130,"column":9},"end":{"line":130,"column":29}},{"start":{"line":130,"column":29},"end":{"line":130,"column":null}}],"line":130},"10":{"loc":{"start":{"line":140,"column":9},"end":{"line":140,"column":null}},"type":"binary-expr","locations":[{"start":{"line":140,"column":9},"end":{"line":140,"column":29}},{"start":{"line":140,"column":29},"end":{"line":140,"column":45}},{"start":{"line":140,"column":45},"end":{"line":140,"column":null}}],"line":140},"11":{"loc":{"start":{"line":148,"column":2},"end":{"line":148,"column":null}},"type":"if","locations":[{"start":{"line":148,"column":2},"end":{"line":148,"column":null}},{"start":{},"end":{}}],"line":148},"12":{"loc":{"start":{"line":148,"column":6},"end":{"line":148,"column":45}},"type":"binary-expr","locations":[{"start":{"line":148,"column":6},"end":{"line":148,"column":24}},{"start":{"line":148,"column":24},"end":{"line":148,"column":45}}],"line":148},"13":{"loc":{"start":{"line":149,"column":2},"end":{"line":149,"column":null}},"type":"if","locations":[{"start":{"line":149,"column":2},"end":{"line":149,"column":null}},{"start":{},"end":{}}],"line":149},"14":{"loc":{"start":{"line":150,"column":2},"end":{"line":150,"column":null}},"type":"if","locations":[{"start":{"line":150,"column":2},"end":{"line":150,"column":null}},{"start":{},"end":{}}],"line":150},"15":{"loc":{"start":{"line":179,"column":2},"end":{"line":181,"column":null}},"type":"if","locations":[{"start":{"line":179,"column":2},"end":{"line":181,"column":null}},{"start":{},"end":{}}],"line":179},"16":{"loc":{"start":{"line":179,"column":6},"end":{"line":179,"column":50}},"type":"binary-expr","locations":[{"start":{"line":179,"column":6},"end":{"line":179,"column":29}},{"start":{"line":179,"column":29},"end":{"line":179,"column":50}}],"line":179},"17":{"loc":{"start":{"line":189,"column":4},"end":{"line":194,"column":null}},"type":"if","locations":[{"start":{"line":189,"column":4},"end":{"line":194,"column":null}},{"start":{},"end":{}}],"line":189},"18":{"loc":{"start":{"line":191,"column":6},"end":{"line":193,"column":null}},"type":"if","locations":[{"start":{"line":191,"column":6},"end":{"line":193,"column":null}},{"start":{},"end":{}}],"line":191},"19":{"loc":{"start":{"line":209,"column":2},"end":{"line":209,"column":null}},"type":"if","locations":[{"start":{"line":209,"column":2},"end":{"line":209,"column":null}},{"start":{},"end":{}}],"line":209},"20":{"loc":{"start":{"line":215,"column":4},"end":{"line":217,"column":null}},"type":"binary-expr","locations":[{"start":{"line":215,"column":4},"end":{"line":215,"column":null}},{"start":{"line":216,"column":4},"end":{"line":216,"column":null}},{"start":{"line":217,"column":4},"end":{"line":217,"column":null}}],"line":215}},"s":{"0":9,"1":9,"2":8,"3":8,"4":8,"5":3,"6":5,"7":7,"8":7,"9":2,"10":7,"11":1,"12":7,"13":2,"14":7,"15":2,"16":7,"17":2,"18":7,"19":7,"20":7,"21":9,"22":9,"23":10,"24":10,"25":8,"26":8,"27":20,"28":6,"29":5,"30":7,"31":9,"32":2,"33":7,"34":3,"35":4,"36":4,"37":2,"38":6,"39":5,"40":8,"41":8,"42":3,"43":5,"44":5,"45":5,"46":5,"47":80,"48":80,"49":40,"50":40,"51":14,"52":80,"53":80,"54":5,"55":8,"56":8,"57":3,"58":5,"59":5,"60":5,"61":11,"62":11,"63":11,"64":4},"f":{"0":9,"1":8,"2":5,"3":7,"4":7,"5":9,"6":10,"7":8,"8":20,"9":6,"10":5,"11":7,"12":9,"13":6,"14":5,"15":8,"16":8,"17":11},"b":{"0":[5],"1":[2,5],"2":[1,6],"3":[2,5],"4":[2,5],"5":[2,5],"6":[2,8],"7":[10,9,7],"8":[20,16],"9":[5,4],"10":[7,6,5],"11":[2,7],"12":[9,8],"13":[3,4],"14":[2,2],"15":[3,5],"16":[8,6],"17":[40,40],"18":[14,26],"19":[3,5],"20":[5,4,2]},"meta":{"lastBranch":21,"lastFunction":18,"lastStatement":65,"seen":{"f:10:16:10:29":0,"s:11:21:11:Infinity":0,"s:12:2:12:Infinity":1,"f:19:16:19:27":1,"s:20:2:25:Infinity":2,"s:21:4:21:Infinity":3,"s:22:4:22:Infinity":4,"s:24:4:24:Infinity":5,"f:33:16:33:32":2,"b:33:62:33:74":0,"s:34:2:34:Infinity":6,"f:41:16:41:33":3,"s:45:27:45:Infinity":7,"b:47:2:49:Infinity:undefined:undefined:undefined:undefined":1,"s:47:2:49:Infinity":8,"s:48:4:48:Infinity":9,"b:51:2:53:Infinity:undefined:undefined:undefined:undefined":2,"s:51:2:53:Infinity":10,"s:52:4:52:Infinity":11,"b:55:2:57:Infinity:undefined:undefined:undefined:undefined":3,"s:55:2:57:Infinity":12,"s:56:4:56:Infinity":13,"b:59:2:61:Infinity:undefined:undefined:undefined:undefined":4,"s:59:2:61:Infinity":14,"s:60:4:60:Infinity":15,"b:63:2:65:Infinity:undefined:undefined:undefined:undefined":5,"s:63:2:65:Infinity":16,"s:64:4:64:Infinity":17,"s:67:2:70:Infinity":18,"f:77:16:77:29":4,"s:78:21:78:Infinity":19,"s:79:2:79:Infinity":20,"f:86:16:86:28":5,"s:87:18:87:Infinity":21,"s:88:2:88:Infinity":22,"f:95:16:95:28":6,"s:96:18:96:Infinity":23,"b:96:45:96:66:96:66:96:Infinity":6,"s:97:2:97:Infinity":24,"b:97:9:97:28:97:28:97:44:97:44:97:Infinity":7,"f:104:16:104:30":7,"s:105:22:105:Infinity":25,"s:106:2:106:Infinity":26,"f:113:16:113:26":8,"s:114:2:114:Infinity":27,"b:114:9:114:38:114:38:114:Infinity":8,"f:121:16:121:26":9,"s:122:2:122:Infinity":28,"f:129:16:129:27":10,"s:130:2:130:Infinity":29,"b:130:9:130:29:130:29:130:Infinity":9,"f:139:16:139:26":11,"s:140:2:140:Infinity":30,"b:140:9:140:29:140:29:140:45:140:45:140:Infinity":10,"f:147:16:147:27":12,"b:148:2:148:Infinity:undefined:undefined:undefined:undefined":11,"s:148:2:148:Infinity":31,"b:148:6:148:24:148:24:148:45":12,"s:148:45:148:Infinity":32,"b:149:2:149:Infinity:undefined:undefined:undefined:undefined":13,"s:149:2:149:Infinity":33,"s:149:33:149:Infinity":34,"b:150:2:150:Infinity:undefined:undefined:undefined:undefined":14,"s:150:2:150:Infinity":35,"s:150:28:150:Infinity":36,"s:151:2:151:Infinity":37,"f:159:16:159:29":13,"s:160:2:160:Infinity":38,"f:168:16:168:29":14,"s:169:2:169:Infinity":39,"f:176:16:176:34":15,"s:177:18:177:Infinity":40,"b:179:2:181:Infinity:undefined:undefined:undefined:undefined":15,"s:179:2:181:Infinity":41,"b:179:6:179:29:179:29:179:50":16,"s:180:4:180:Infinity":42,"s:183:12:183:Infinity":43,"s:184:15:184:Infinity":44,"s:186:2:198:Infinity":45,"s:186:15:186:35":46,"s:187:16:187:Infinity":47,"b:189:4:194:Infinity:undefined:undefined:undefined:undefined":17,"s:189:4:194:Infinity":48,"s:190:6:190:Infinity":49,"b:191:6:193:Infinity:undefined:undefined:undefined:undefined":18,"s:191:6:193:Infinity":50,"s:192:8:192:Infinity":51,"s:196:4:196:Infinity":52,"s:197:4:197:Infinity":53,"s:200:2:200:Infinity":54,"f:207:16:207:34":16,"s:208:20:208:Infinity":55,"b:209:2:209:Infinity:undefined:undefined:undefined:undefined":19,"s:209:2:209:Infinity":56,"s:209:29:209:Infinity":57,"s:211:29:211:Infinity":58,"s:212:18:212:Infinity":59,"s:214:2:217:Infinity":60,"b:215:4:215:Infinity:216:4:216:Infinity:217:4:217:Infinity":20,"f:225:16:225:28":17,"s:226:2:231:Infinity":61,"s:227:4:227:Infinity":62,"s:228:4:228:Infinity":63,"s:230:4:230:Infinity":64}}}
}
